1024, 110045.11499999999
2048, 100021.536
4096, 97879.65599999999
8192, 98236.511
16384, 140427.528
32768, 320513.635

1024 & 97982.008
2048 & 98254.976
4096 & 98052.672
8192 & 98508.807
16384 & 141121.936
32768 & 320882.001

1024 & 97975.0 & 5.248 & 1.76 & 97982.008 \\
2048 & 98248.0 & 5.184 & 1.792 & 98254.976 \\
4096 & 98044.0 & 6.912 & 1.760 & 98052.672 \\
8192 & 98497.0 & 10.015 & 1.792 & 98508.807 \\
16384 & 141110.0 & 10.080 & 1.856 & 141121.936 \\
32768 & 320870.0 & 9.9530 & 2.048 & 320882.001 \\

1024 & 97975.0 & 5.248 & 1.76 \\
2048 & 98248.0 & 5.184 & 1.792 \\
4096 & 98044.0 & 6.912 & 1.760 \\
8192 & 98497.0 & 10.015 & 1.792 \\
16384 & 141110.0 & 10.080 & 1.856 \\
32768 & 320870.0 & 9.9530 & 2.048 \\
