1 << 15
==1663748== Profiling result:
            Type  Time(%)      Time     Calls       Avg       Min       Max  Name
 GPU activities:   65.97%  26.175us         2  13.087us  12.895us  13.280us  [CUDA memcpy HtoD]
                   27.90%  11.072us         1  11.072us  11.072us  11.072us  [CUDA memcpy DtoH]
                    6.13%  2.4320us         1  2.4320us  2.4320us  2.4320us  saxpy_gpu(float*, float*, float, int)

1 << 16
==1663930== Profiling result:
            Type  Time(%)      Time     Calls       Avg       Min       Max  Name
 GPU activities:   66.56%  47.712us         2  23.856us  23.808us  23.904us  [CUDA memcpy HtoD]
                   29.55%  21.184us         1  21.184us  21.184us  21.184us  [CUDA memcpy DtoH]
                    3.88%  2.7840us         1  2.7840us  2.7840us  2.7840us  saxpy_gpu(float*, float*, float, int)

1 << 17
==1664228== Profiling result:
            Type  Time(%)      Time     Calls       Avg       Min       Max  Name
 GPU activities:   66.93%  90.464us         2  45.232us  44.928us  45.536us  [CUDA memcpy HtoD]
                   30.33%  40.992us         1  40.992us  40.992us  40.992us  [CUDA memcpy DtoH]
                    2.75%  3.7120us         1  3.7120us  3.7120us  3.7120us  saxpy_gpu(float*, float*, float, int)

1 << 18
==1664634== Profiling result:
            Type  Time(%)      Time     Calls       Avg       Min       Max  Name
 GPU activities:   67.38%  176.16us         2  88.079us  88.000us  88.159us  [CUDA memcpy HtoD]
                   30.91%  80.800us         1  80.800us  80.800us  80.800us  [CUDA memcpy DtoH]
                    1.71%  4.4800us         1  4.4800us  4.4800us  4.4800us  saxpy_gpu(float*, float*, float, int)

1 << 19
==1664745== Profiling result:
            Type  Time(%)      Time     Calls       Avg       Min       Max  Name
 GPU activities:   79.33%  648.63us         2  324.32us  322.05us  326.59us  [CUDA memcpy HtoD]
                   19.90%  162.75us         1  162.75us  162.75us  162.75us  [CUDA memcpy DtoH]
                    0.77%  6.2720us         1  6.2720us  6.2720us  6.2720us  saxpy_gpu(float*, float*, float, int)
 
1 << 20
==1666756== Profiling result:
            Type  Time(%)      Time     Calls       Avg       Min       Max  Name
 GPU activities:   58.32%  1.5112ms         2  755.58us  753.85us  757.31us  [CUDA memcpy HtoD]
                   41.07%  1.0640ms         1  1.0640ms  1.0640ms  1.0640ms  [CUDA memcpy DtoH]
                    0.61%  15.775us         1  15.775us  15.775us  15.775us  saxpy_gpu(float*, float*, float, int)